#! /c/Source/iverilog-install/bin/vvp
:ivl_version "12.0 (devel)" "(s20150603-1110-g18392a46)";
:ivl_delay_selection "TYPICAL";
:vpi_time_precision + 0;
:vpi_module "C:\iverilog\lib\ivl\system.vpi";
:vpi_module "C:\iverilog\lib\ivl\vhdl_sys.vpi";
:vpi_module "C:\iverilog\lib\ivl\vhdl_textio.vpi";
:vpi_module "C:\iverilog\lib\ivl\v2005_math.vpi";
:vpi_module "C:\iverilog\lib\ivl\va_math.vpi";
S_0000025026872e10 .scope module, "dflipflop" "dflipflop" 2 1;
 .timescale 0 0;
    .port_info 0 /INPUT 1 "d";
    .port_info 1 /INPUT 1 "clk";
    .port_info 2 /INPUT 1 "en";
    .port_info 3 /INPUT 1 "reset";
    .port_info 4 /OUTPUT 1 "q";
o00000250268a6fa8 .functor BUFZ 1, C4<z>; HiZ drive
v00000250268733b0_0 .net "clk", 0 0, o00000250268a6fa8;  0 drivers
o00000250268a6fd8 .functor BUFZ 1, C4<z>; HiZ drive
v0000025026872fa0_0 .net "d", 0 0, o00000250268a6fd8;  0 drivers
o00000250268a7008 .functor BUFZ 1, C4<z>; HiZ drive
v0000025026873040_0 .net "en", 0 0, o00000250268a7008;  0 drivers
v00000250268730e0_0 .var "q", 0 0;
o00000250268a7068 .functor BUFZ 1, C4<z>; HiZ drive
v000002502698e7c0_0 .net "reset", 0 0, o00000250268a7068;  0 drivers
E_00000250268a5510 .event posedge, v000002502698e7c0_0, v00000250268733b0_0;
    .scope S_0000025026872e10;
T_0 ;
    %wait E_00000250268a5510;
    %load/vec4 v000002502698e7c0_0;
    %flag_set/vec4 8;
    %jmp/0xz  T_0.0, 8;
    %pushi/vec4 0, 0, 1;
    %assign/vec4 v00000250268730e0_0, 0;
    %jmp T_0.1;
T_0.0 ;
    %load/vec4 v0000025026873040_0;
    %flag_set/vec4 8;
    %jmp/0xz  T_0.2, 8;
    %load/vec4 v0000025026872fa0_0;
    %assign/vec4 v00000250268730e0_0, 0;
T_0.2 ;
T_0.1 ;
    %jmp T_0;
    .thread T_0;
# The file index is used to find the file name in the following table.
:file_names 3;
    "N/A";
    "<interactive>";
    "dflipflop.v";
