#! /c/Source/iverilog-install/bin/vvp
:ivl_version "12.0 (devel)" "(s20150603-1110-g18392a46)";
:ivl_delay_selection "TYPICAL";
:vpi_time_precision - 12;
:vpi_module "C:\iverilog\lib\ivl\system.vpi";
:vpi_module "C:\iverilog\lib\ivl\vhdl_sys.vpi";
:vpi_module "C:\iverilog\lib\ivl\vhdl_textio.vpi";
:vpi_module "C:\iverilog\lib\ivl\v2005_math.vpi";
:vpi_module "C:\iverilog\lib\ivl\va_math.vpi";
S_0000025d16e5ba80 .scope module, "tb" "tb" 2 4;
 .timescale -9 -12;
v0000025d171165f0_0 .var "clk", 0 0;
v0000025d17116690_0 .var "d", 0 0;
v0000025d17116730_0 .var "en", 0 0;
v0000025d17106a50_0 .net "q", 0 0, v0000025d171164b0_0;  1 drivers
v0000025d17106af0_0 .var "reset", 0 0;
S_0000025d17116320 .scope module, "uut" "dflipflop" 2 11, 3 1 0, S_0000025d16e5ba80;
 .timescale -9 -12;
    .port_info 0 /INPUT 1 "d";
    .port_info 1 /INPUT 1 "clk";
    .port_info 2 /INPUT 1 "en";
    .port_info 3 /INPUT 1 "reset";
    .port_info 4 /OUTPUT 1 "q";
v0000025d170e33f0_0 .net "clk", 0 0, v0000025d171165f0_0;  1 drivers
v0000025d16e5bc10_0 .net "d", 0 0, v0000025d17116690_0;  1 drivers
v0000025d170e3120_0 .net "en", 0 0, v0000025d17116730_0;  1 drivers
v0000025d171164b0_0 .var "q", 0 0;
v0000025d17116550_0 .net "reset", 0 0, v0000025d17106af0_0;  1 drivers
E_0000025d16e595b0 .event posedge, v0000025d17116550_0, v0000025d170e33f0_0;
    .scope S_0000025d17116320;
T_0 ;
    %wait E_0000025d16e595b0;
    %load/vec4 v0000025d17116550_0;
    %flag_set/vec4 8;
    %jmp/0xz  T_0.0, 8;
    %pushi/vec4 0, 0, 1;
    %assign/vec4 v0000025d171164b0_0, 0;
    %jmp T_0.1;
T_0.0 ;
    %load/vec4 v0000025d170e3120_0;
    %flag_set/vec4 8;
    %jmp/0xz  T_0.2, 8;
    %load/vec4 v0000025d16e5bc10_0;
    %assign/vec4 v0000025d171164b0_0, 0;
T_0.2 ;
T_0.1 ;
    %jmp T_0;
    .thread T_0;
    .scope S_0000025d16e5ba80;
T_1 ;
    %vpi_call 2 23 "$dumpfile", "dump.vcd" {0 0 0};
    %vpi_call 2 24 "$dumpvars", 32'sb00000000000000000000000000000000, S_0000025d16e5ba80 {0 0 0};
    %end;
    .thread T_1;
    .scope S_0000025d16e5ba80;
T_2 ;
    %pushi/vec4 0, 0, 1;
    %assign/vec4 v0000025d171165f0_0, 0;
T_2.0 ;
    %delay 5000, 0;
    %load/vec4 v0000025d171165f0_0;
    %inv;
    %assign/vec4 v0000025d171165f0_0, 0;
    %jmp T_2.0;
    %end;
    .thread T_2;
    .scope S_0000025d16e5ba80;
T_3 ;
    %pushi/vec4 0, 0, 1;
    %store/vec4 v0000025d17116730_0, 0, 1;
    %pushi/vec4 0, 0, 1;
    %store/vec4 v0000025d17106af0_0, 0, 1;
    %pushi/vec4 0, 0, 1;
    %store/vec4 v0000025d17116690_0, 0, 1;
    %delay 3000, 0;
    %pushi/vec4 1, 0, 1;
    %store/vec4 v0000025d17116690_0, 0, 1;
    %delay 9000, 0;
    %pushi/vec4 0, 0, 1;
    %store/vec4 v0000025d17116690_0, 0, 1;
    %delay 6000, 0;
    %pushi/vec4 1, 0, 1;
    %store/vec4 v0000025d17116690_0, 0, 1;
    %delay 10000, 0;
    %pushi/vec4 0, 0, 1;
    %store/vec4 v0000025d17116690_0, 0, 1;
    %delay 10000, 0;
    %pushi/vec4 1, 0, 1;
    %store/vec4 v0000025d17116690_0, 0, 1;
    %delay 10000, 0;
    %pushi/vec4 1, 0, 1;
    %store/vec4 v0000025d17116730_0, 0, 1;
    %end;
    .thread T_3;
    .scope S_0000025d16e5ba80;
T_4 ;
    %vpi_call 2 55 "$monitor", "reset = %3d,  clk = %1b,   en = %1b, d = %b, q = %b", v0000025d17106af0_0, v0000025d171165f0_0, v0000025d17116730_0, v0000025d17116690_0, v0000025d17106a50_0 {0 0 0};
    %end;
    .thread T_4;
# The file index is used to find the file name in the following table.
:file_names 4;
    "N/A";
    "<interactive>";
    "tb.v";
    "./dflipflop.v";
