#! /c/Source/iverilog-install/bin/vvp
:ivl_version "12.0 (devel)" "(s20150603-1110-g18392a46)";
:ivl_delay_selection "TYPICAL";
:vpi_time_precision + 0;
:vpi_module "C:\iverilog\lib\ivl\system.vpi";
:vpi_module "C:\iverilog\lib\ivl\vhdl_sys.vpi";
:vpi_module "C:\iverilog\lib\ivl\vhdl_textio.vpi";
:vpi_module "C:\iverilog\lib\ivl\v2005_math.vpi";
:vpi_module "C:\iverilog\lib\ivl\va_math.vpi";
S_0000017b083d2a90 .scope module, "intmwire" "intmwire" 2 3;
 .timescale 0 0;
    .port_info 0 /INPUT 1 "a";
    .port_info 1 /INPUT 1 "b";
    .port_info 2 /INPUT 1 "c";
    .port_info 3 /OUTPUT 1 "p";
    .port_info 4 /OUTPUT 1 "q";
o0000017b08406f98 .functor BUFZ 1, C4<z>; HiZ drive
o0000017b08406fc8 .functor BUFZ 1, C4<z>; HiZ drive
L_0000017b083bef60 .functor AND 1, o0000017b08406f98, o0000017b08406fc8, C4<1>, C4<1>;
o0000017b08406ff8 .functor BUFZ 1, C4<z>; HiZ drive
L_0000017b08406cc0 .functor AND 1, L_0000017b083bef60, o0000017b08406ff8, C4<1>, C4<1>;
L_0000017b083b8d40 .functor OR 1, L_0000017b083bef60, o0000017b08406ff8, C4<0>, C4<0>;
v0000017b083d3160_0 .net "a", 0 0, o0000017b08406f98;  0 drivers
v0000017b083b8ca0_0 .net "b", 0 0, o0000017b08406fc8;  0 drivers
v0000017b08406c20_0 .net "c", 0 0, o0000017b08406ff8;  0 drivers
v0000017b083bed80_0 .net "intmwire", 0 0, L_0000017b083bef60;  1 drivers
v0000017b083bee20_0 .net "p", 0 0, L_0000017b08406cc0;  1 drivers
v0000017b083beec0_0 .net "q", 0 0, L_0000017b083b8d40;  1 drivers
# The file index is used to find the file name in the following table.
:file_names 3;
    "N/A";
    "<interactive>";
    "intmwire.v";
