#! /c/Source/iverilog-install/bin/vvp
:ivl_version "12.0 (devel)" "(s20150603-1110-g18392a46)";
:ivl_delay_selection "TYPICAL";
:vpi_time_precision + 0;
:vpi_module "C:\iverilog\lib\ivl\system.vpi";
:vpi_module "C:\iverilog\lib\ivl\vhdl_sys.vpi";
:vpi_module "C:\iverilog\lib\ivl\vhdl_textio.vpi";
:vpi_module "C:\iverilog\lib\ivl\v2005_math.vpi";
:vpi_module "C:\iverilog\lib\ivl\va_math.vpi";
S_000002167af52df0 .scope module, "pipo_reg" "pipo_reg" 2 3;
 .timescale 0 0;
    .port_info 0 /INPUT 1 "clk";
    .port_info 1 /INPUT 1 "load";
    .port_info 2 /INPUT 8 "data_in";
    .port_info 3 /INPUT 1 "reset";
    .port_info 4 /OUTPUT 8 "data_out";
P_000002167af386d0 .param/l "width" 0 2 3, +C4<00000000000000000000000000001000>;
o000002167af86fd8 .functor BUFZ 1, C4<z>; HiZ drive
v000002167af53510_0 .net "clk", 0 0, o000002167af86fd8;  0 drivers
o000002167af87008 .functor BUFZ 8, C4<zzzzzzzz>; HiZ drive
v000002167af53730_0 .net "data_in", 7 0, o000002167af87008;  0 drivers
v000002167af52f80_0 .var "data_out", 7 0;
o000002167af87068 .functor BUFZ 1, C4<z>; HiZ drive
v000002167af53020_0 .net "load", 0 0, o000002167af87068;  0 drivers
o000002167af87098 .functor BUFZ 1, C4<z>; HiZ drive
v000002167af530c0_0 .net "reset", 0 0, o000002167af87098;  0 drivers
E_000002167af38650 .event posedge, v000002167af530c0_0, v000002167af53510_0;
    .scope S_000002167af52df0;
T_0 ;
    %wait E_000002167af38650;
    %load/vec4 v000002167af530c0_0;
    %flag_set/vec4 8;
    %jmp/0xz  T_0.0, 8;
    %pushi/vec4 0, 0, 8;
    %assign/vec4 v000002167af52f80_0, 0;
    %jmp T_0.1;
T_0.0 ;
    %load/vec4 v000002167af53020_0;
    %flag_set/vec4 8;
    %jmp/0xz  T_0.2, 8;
    %load/vec4 v000002167af53730_0;
    %assign/vec4 v000002167af52f80_0, 0;
T_0.2 ;
T_0.1 ;
    %jmp T_0;
    .thread T_0;
# The file index is used to find the file name in the following table.
:file_names 3;
    "N/A";
    "<interactive>";
    "pipo_reg.v";
