#! /c/Source/iverilog-install/bin/vvp
:ivl_version "12.0 (devel)" "(s20150603-1110-g18392a46)";
:ivl_delay_selection "TYPICAL";
:vpi_time_precision + 0;
:vpi_module "C:\iverilog\lib\ivl\system.vpi";
:vpi_module "C:\iverilog\lib\ivl\vhdl_sys.vpi";
:vpi_module "C:\iverilog\lib\ivl\vhdl_textio.vpi";
:vpi_module "C:\iverilog\lib\ivl\v2005_math.vpi";
:vpi_module "C:\iverilog\lib\ivl\va_math.vpi";
S_000001a1b26d2a90 .scope module, "mux_2to1" "mux_2to1" 2 7;
 .timescale 0 0;
    .port_info 0 /INPUT 1 "a";
    .port_info 1 /INPUT 1 "b";
    .port_info 2 /INPUT 1 "se";
    .port_info 3 /INPUT 1 "en";
    .port_info 4 /OUTPUT 1 "y";
o000001a1b2706a08 .functor BUFZ 1, C4<z>; HiZ drive
v000001a1b26d3380_0 .net "a", 0 0, o000001a1b2706a08;  0 drivers
o000001a1b2706a38 .functor BUFZ 1, C4<z>; HiZ drive
v000001a1b26d2c20_0 .net "b", 0 0, o000001a1b2706a38;  0 drivers
o000001a1b2706a68 .functor BUFZ 1, C4<z>; HiZ drive
v000001a1b26d2cc0_0 .net "en", 0 0, o000001a1b2706a68;  0 drivers
o000001a1b2706a98 .functor BUFZ 1, C4<z>; HiZ drive
v000001a1b26d2d60_0 .net "se", 0 0, o000001a1b2706a98;  0 drivers
v000001a1b26d2e00_0 .net "y", 0 0, L_000001a1b26d2ea0;  1 drivers
L_000001a1b26d2ea0 .functor MUXZ 1, o000001a1b2706a38, o000001a1b2706a08, o000001a1b2706a98, C4<>;
# The file index is used to find the file name in the following table.
:file_names 3;
    "N/A";
    "<interactive>";
    "mux_2to1.v";
