#! /c/Source/iverilog-install/bin/vvp
:ivl_version "12.0 (devel)" "(s20150603-1110-g18392a46)";
:ivl_delay_selection "TYPICAL";
:vpi_time_precision + 0;
:vpi_module "C:\iverilog\lib\ivl\system.vpi";
:vpi_module "C:\iverilog\lib\ivl\vhdl_sys.vpi";
:vpi_module "C:\iverilog\lib\ivl\vhdl_textio.vpi";
:vpi_module "C:\iverilog\lib\ivl\v2005_math.vpi";
:vpi_module "C:\iverilog\lib\ivl\va_math.vpi";
S_00000181538b2a90 .scope module, "comp1b" "comp1b" 2 4;
 .timescale 0 0;
    .port_info 0 /INPUT 1 "a";
    .port_info 1 /INPUT 1 "b";
    .port_info 2 /OUTPUT 1 "c";
o00000181538e7008 .functor BUFZ 1, C4<z>; HiZ drive
L_00000181538e6d70 .functor NOT 1, o00000181538e7008, C4<0>, C4<0>, C4<0>;
o00000181538e7038 .functor BUFZ 1, C4<z>; HiZ drive
L_0000018153828d40 .functor NOT 1, o00000181538e7038, C4<0>, C4<0>, C4<0>;
L_00000181538b3140 .functor AND 1, L_00000181538e6d70, L_0000018153828d40, C4<1>, C4<1>;
L_00000181538e4900 .functor AND 1, o00000181538e7008, o00000181538e7038, C4<1>, C4<1>;
L_00000181538b2cc0 .functor OR 1, L_00000181538b3140, L_00000181538e4900, C4<0>, C4<0>;
v00000181538b3360_0 .net *"_ivl_0", 0 0, L_00000181538e6d70;  1 drivers
v0000018153828ca0_0 .net *"_ivl_2", 0 0, L_0000018153828d40;  1 drivers
v00000181538e6cd0_0 .net "a", 0 0, o00000181538e7008;  0 drivers
v000001815382edd0_0 .net "b", 0 0, o00000181538e7038;  0 drivers
v000001815382ee70_0 .net "c", 0 0, L_00000181538b2cc0;  1 drivers
v000001815382ef10_0 .net "e", 0 0, L_00000181538b3140;  1 drivers
v00000181538b2c20_0 .net "f", 0 0, L_00000181538e4900;  1 drivers
# The file index is used to find the file name in the following table.
:file_names 3;
    "N/A";
    "<interactive>";
    "comp1b.v";
