#! /c/Source/iverilog-install/bin/vvp
:ivl_version "12.0 (devel)" "(s20150603-1110-g18392a46)";
:ivl_delay_selection "TYPICAL";
:vpi_time_precision + 0;
:vpi_module "C:\iverilog\lib\ivl\system.vpi";
:vpi_module "C:\iverilog\lib\ivl\vhdl_sys.vpi";
:vpi_module "C:\iverilog\lib\ivl\vhdl_textio.vpi";
:vpi_module "C:\iverilog\lib\ivl\v2005_math.vpi";
:vpi_module "C:\iverilog\lib\ivl\va_math.vpi";
S_00000199615f2850 .scope module, "mynotgate" "mynotgate" 2 17;
 .timescale 0 0;
    .port_info 0 /INPUT 1 "a";
    .port_info 1 /OUTPUT 1 "nota";
o00000199616148c8 .functor BUFZ 1, C4<z>; HiZ drive
L_00000199615f3010 .functor NOT 1, o00000199616148c8, C4<0>, C4<0>, C4<0>;
v00000199615f2df0_0 .net "a", 0 0, o00000199616148c8;  0 drivers
v00000199615f29e0_0 .net "nota", 0 0, L_00000199615f3010;  1 drivers
# The file index is used to find the file name in the following table.
:file_names 3;
    "N/A";
    "<interactive>";
    "mynotgate.v";
