#! /c/Source/iverilog-install/bin/vvp
:ivl_version "12.0 (devel)" "(s20150603-1110-g18392a46)";
:ivl_delay_selection "TYPICAL";
:vpi_time_precision - 12;
:vpi_module "C:\iverilog\lib\ivl\system.vpi";
:vpi_module "C:\iverilog\lib\ivl\vhdl_sys.vpi";
:vpi_module "C:\iverilog\lib\ivl\vhdl_textio.vpi";
:vpi_module "C:\iverilog\lib\ivl\v2005_math.vpi";
:vpi_module "C:\iverilog\lib\ivl\va_math.vpi";
S_000002b8fd39e8d0 .scope module, "tb" "tb" 2 4;
 .timescale -9 -12;
v000002b8fd39ef00_0 .var "a", 0 0;
v000002b8fd39e320_0 .net "nota", 0 0, L_000002b8fd39e3c0;  1 drivers
S_000002b8fd39ed70 .scope module, "uut" "mynotgate" 2 8, 3 4 0, S_000002b8fd39e8d0;
 .timescale -9 -12;
    .port_info 0 /INPUT 1 "a";
    .port_info 1 /OUTPUT 1 "nota";
L_000002b8fd39e3c0 .functor NOT 1, v000002b8fd39ef00_0, C4<0>, C4<0>, C4<0>;
v000002b8fd39ea60_0 .net "a", 0 0, v000002b8fd39ef00_0;  1 drivers
v000002b8fd3e5650_0 .net "nota", 0 0, L_000002b8fd39e3c0;  alias, 1 drivers
    .scope S_000002b8fd39e8d0;
T_0 ;
    %pushi/vec4 0, 0, 1;
    %store/vec4 v000002b8fd39ef00_0, 0, 1;
    %vpi_call 2 12 "$dumpfile", "dump.vcd" {0 0 0};
    %vpi_call 2 13 "$dumpvars", 32'sb00000000000000000000000000000000, S_000002b8fd39e8d0 {0 0 0};
    %delay 10000, 0;
    %pushi/vec4 1, 0, 1;
    %store/vec4 v000002b8fd39ef00_0, 0, 1;
    %delay 10000, 0;
    %pushi/vec4 0, 0, 1;
    %store/vec4 v000002b8fd39ef00_0, 0, 1;
    %delay 10000, 0;
    %pushi/vec4 1, 0, 1;
    %store/vec4 v000002b8fd39ef00_0, 0, 1;
    %delay 10000, 0;
    %pushi/vec4 0, 0, 1;
    %store/vec4 v000002b8fd39ef00_0, 0, 1;
    %end;
    .thread T_0;
    .scope S_000002b8fd39e8d0;
T_1 ;
    %vpi_call 2 25 "$monitor", "a = %b, not a = %b", v000002b8fd39ef00_0, v000002b8fd39e320_0 {0 0 0};
    %end;
    .thread T_1;
# The file index is used to find the file name in the following table.
:file_names 4;
    "N/A";
    "<interactive>";
    "tb.v";
    "./mynotgate.v";
